0 verbose cli C:\Program Files\nodejs\node.exe C:\Program Files\nodejs\node_modules\npm\bin\npm-cli.js
1 info using npm@11.6.2
2 info using node@v24.13.0
3 silly config load:file:C:\Program Files\nodejs\node_modules\npm\npmrc
4 silly config load:file:C:\Users\TamasKiraly\OneDrive - Token.io Limited\Desktop\PERSONAL\Cursor folder\.npmrc
5 silly config load:file:C:\Users\TamasKiraly\.npmrc
6 silly config load:file:C:\Users\TamasKiraly\AppData\Roaming\npm\etc\npmrc
7 verbose title npm install
8 verbose argv "install" "--cache" ".npm" "--prefer-offline" "false"
9 verbose logfile logs-max:10 dir:C:\Users\TamasKiraly\OneDrive - Token.io Limited\Desktop\PERSONAL\Cursor folder\.npm\_logs\2026-01-26T16_30_23_503Z-
10 verbose logfile C:\Users\TamasKiraly\OneDrive - Token.io Limited\Desktop\PERSONAL\Cursor folder\.npm\_logs\2026-01-26T16_30_23_503Z-debug-0.log
11 silly logfile done cleaning log files
12 http fetch GET https://registry.npmjs.org/npm attempt 1 failed with ECONNREFUSED
13 silly packumentCache heap:4496293888 maxSize:1124073472 maxEntrySize:562036736
14 silly idealTree buildDeps
15 silly fetch manifest react@^18.2.0
16 silly packumentCache full:https://registry.npmjs.org/react cache-miss
17 silly fetch manifest react-dom@^18.2.0
18 silly packumentCache full:https://registry.npmjs.org/react-dom cache-miss
19 silly fetch manifest chart.js@^4.4.0
20 silly packumentCache full:https://registry.npmjs.org/chart.js cache-miss
21 silly fetch manifest react-chartjs-2@^5.2.0
22 silly packumentCache full:https://registry.npmjs.org/react-chartjs-2 cache-miss
23 silly fetch manifest @types/react@^18.2.43
24 silly packumentCache full:https://registry.npmjs.org/@types%2freact cache-miss
25 silly fetch manifest @types/react-dom@^18.2.17
26 silly packumentCache full:https://registry.npmjs.org/@types%2freact-dom cache-miss
27 silly fetch manifest @vitejs/plugin-react@^4.2.1
28 silly packumentCache full:https://registry.npmjs.org/@vitejs%2fplugin-react cache-miss
29 silly fetch manifest typescript@^5.3.3
30 silly packumentCache full:https://registry.npmjs.org/typescript cache-miss
31 silly fetch manifest vite@^5.0.8
32 silly packumentCache full:https://registry.npmjs.org/vite cache-miss
33 silly placeDep ROOT @types/react@ OK for: kpi-dashboard@1.0.0 want: ^18.2.43
34 silly placeDep ROOT @types/react-dom@ OK for: kpi-dashboard@1.0.0 want: ^18.2.17
35 silly placeDep ROOT @vitejs/plugin-react@ OK for: kpi-dashboard@1.0.0 want: ^4.2.1
36 silly placeDep ROOT chart.js@ OK for: kpi-dashboard@1.0.0 want: ^4.4.0
37 silly placeDep ROOT react@ OK for: kpi-dashboard@1.0.0 want: ^18.2.0
38 silly placeDep ROOT react-chartjs-2@ OK for: kpi-dashboard@1.0.0 want: ^5.2.0
39 silly placeDep ROOT react-dom@ OK for: kpi-dashboard@1.0.0 want: ^18.2.0
40 silly placeDep ROOT typescript@ OK for: kpi-dashboard@1.0.0 want: ^5.3.3
41 silly placeDep ROOT vite@ OK for: kpi-dashboard@1.0.0 want: ^5.0.8
42 verbose stack Error: request to https://registry.npmjs.org/@types%2freact failed: cache mode is 'only-if-cached' but no cached response is available.
42 verbose stack     at cacheFetch (C:\Program Files\nodejs\node_modules\npm\node_modules\make-fetch-happen\lib\cache\index.js:12:13)
42 verbose stack     at async fetch (C:\Program Files\nodejs\node_modules\npm\node_modules\make-fetch-happen\lib\fetch.js:98:7)
42 verbose stack     at async RegistryFetcher.packument (C:\Program Files\nodejs\node_modules\npm\node_modules\pacote\lib\registry.js:90:19)
42 verbose stack     at async RegistryFetcher.manifest (C:\Program Files\nodejs\node_modules\npm\node_modules\pacote\lib\registry.js:128:23)
42 verbose stack     at async #fetchManifest (C:\Program Files\nodejs\node_modules\npm\node_modules\@npmcli\arborist\lib\arborist\build-ideal-tree.js:1227:20)
42 verbose stack     at async #nodeFromEdge (C:\Program Files\nodejs\node_modules\npm\node_modules\@npmcli\arborist\lib\arborist\build-ideal-tree.js:1065:19)
42 verbose stack     at async #buildDepStep (C:\Program Files\nodejs\node_modules\npm\node_modules\@npmcli\arborist\lib\arborist\build-ideal-tree.js:929:11)
42 verbose stack     at async Arborist.buildIdealTree (C:\Program Files\nodejs\node_modules\npm\node_modules\@npmcli\arborist\lib\arborist\build-ideal-tree.js:182:7)
42 verbose stack     at async Promise.all (index 1)
42 verbose stack     at async Arborist.reify (C:\Program Files\nodejs\node_modules\npm\node_modules\@npmcli\arborist\lib\arborist\reify.js:114:5)
43 error code ENOTCACHED
44 error request to https://registry.npmjs.org/@types%2freact failed: cache mode is 'only-if-cached' but no cached response is available.
45 silly unfinished npm timer reify 1769445026758
46 silly unfinished npm timer reify:loadTrees 1769445026760
47 verbose cwd C:\Users\TamasKiraly\OneDrive - Token.io Limited\Desktop\PERSONAL\Cursor folder
48 verbose os Windows_NT 10.0.26100
49 verbose node v24.13.0
50 verbose npm  v11.6.2
51 verbose exit 1
52 verbose code 1
53 error A complete log of this run can be found in: C:\Users\TamasKiraly\OneDrive - Token.io Limited\Desktop\PERSONAL\Cursor folder\.npm\_logs\2026-01-26T16_30_23_503Z-debug-0.log
